<?xml version="1.0" encoding="UTF-8"?>
<testng-results skipped="0" failed="1" total="1" passed="0">
  <reporter-output>
  </reporter-output>
  <suite name="Default suite" duration-ms="2164" started-at="2019-08-01T02:04:15Z" finished-at="2019-08-01T02:04:17Z">
    <groups>
    </groups>
    <test name="Default test" duration-ms="2164" started-at="2019-08-01T02:04:15Z" finished-at="2019-08-01T02:04:17Z">
      <class name="test.LoginTest">
        <test-method status="FAIL" signature="login()[pri:0, instance:test.LoginTest@5e3a8624]" name="login" duration-ms="2145" started-at="2019-07-31T21:04:15Z" finished-at="2019-07-31T21:04:17Z">
          <exception class="org.openqa.selenium.SessionNotCreatedException">
            <message>
              <![CDATA[session not created: This version of ChromeDriver only supports Chrome version 76
Build info: version: '3.13.0', revision: '2f0d292', time: '2018-06-25T15:24:21.231Z'
System info: host: 'DESKTOP-08GEQ4I', ip: '192.168.35.1', os.name: 'Windows 10', os.arch: 'amd64', os.version: '10.0', java.version: '1.8.0_212'
Driver info: driver.version: ChromeDriver
remote stacktrace: Backtrace:
	Ordinal0 [0x00CF7C93+1473683]
	Ordinal0 [0x00C7ADB1+961969]
	Ordinal0 [0x00C042E3+475875]
	Ordinal0 [0x00B9F365+62309]
	Ordinal0 [0x00B9BC77+48247]
	Ordinal0 [0x00BB9149+168265]
	Ordinal0 [0x00BB8D1D+167197]
	Ordinal0 [0x00BB742B+160811]
	Ordinal0 [0x00BA0AE6+68326]
	Ordinal0 [0x00BA1BF0+72688]
	Ordinal0 [0x00BA1B89+72585]
	Ordinal0 [0x00C94B77+1067895]
	GetHandleVerifier [0x00D96875+506677]
	GetHandleVerifier [0x00D96610+506064]
	GetHandleVerifier [0x00D9D1B8+533624]
	GetHandleVerifier [0x00D9704A+508682]
	Ordinal0 [0x00C8C266+1032806]
	Ordinal0 [0x00C8C0DF+1032415]
	Ordinal0 [0x00C96A8B+1075851]
	Ordinal0 [0x00C96BF3+1076211]
	Ordinal0 [0x00C95BA5+1072037]
	BaseThreadInitThunk [0x76420419+25]
	RtlGetAppContainerNamedObjectPath [0x777E662D+237]
	RtlGetAppContainerNamedObjectPath [0x777E65FD+189]
]]>
            </message>
            <full-stacktrace>
              <![CDATA[org.openqa.selenium.SessionNotCreatedException: session not created: This version of ChromeDriver only supports Chrome version 76
Build info: version: '3.13.0', revision: '2f0d292', time: '2018-06-25T15:24:21.231Z'
System info: host: 'DESKTOP-08GEQ4I', ip: '192.168.35.1', os.name: 'Windows 10', os.arch: 'amd64', os.version: '10.0', java.version: '1.8.0_212'
Driver info: driver.version: ChromeDriver
remote stacktrace: Backtrace:
	Ordinal0 [0x00CF7C93+1473683]
	Ordinal0 [0x00C7ADB1+961969]
	Ordinal0 [0x00C042E3+475875]
	Ordinal0 [0x00B9F365+62309]
	Ordinal0 [0x00B9BC77+48247]
	Ordinal0 [0x00BB9149+168265]
	Ordinal0 [0x00BB8D1D+167197]
	Ordinal0 [0x00BB742B+160811]
	Ordinal0 [0x00BA0AE6+68326]
	Ordinal0 [0x00BA1BF0+72688]
	Ordinal0 [0x00BA1B89+72585]
	Ordinal0 [0x00C94B77+1067895]
	GetHandleVerifier [0x00D96875+506677]
	GetHandleVerifier [0x00D96610+506064]
	GetHandleVerifier [0x00D9D1B8+533624]
	GetHandleVerifier [0x00D9704A+508682]
	Ordinal0 [0x00C8C266+1032806]
	Ordinal0 [0x00C8C0DF+1032415]
	Ordinal0 [0x00C96A8B+1075851]
	Ordinal0 [0x00C96BF3+1076211]
	Ordinal0 [0x00C95BA5+1072037]
	BaseThreadInitThunk [0x76420419+25]
	RtlGetAppContainerNamedObjectPath [0x777E662D+237]
	RtlGetAppContainerNamedObjectPath [0x777E65FD+189]

	at sun.reflect.NativeConstructorAccessorImpl.newInstance0(Native Method)
	at sun.reflect.NativeConstructorAccessorImpl.newInstance(Unknown Source)
	at sun.reflect.DelegatingConstructorAccessorImpl.newInstance(Unknown Source)
	at java.lang.reflect.Constructor.newInstance(Unknown Source)
	at org.openqa.selenium.remote.W3CHandshakeResponse.lambda$new$0(W3CHandshakeResponse.java:57)
	at org.openqa.selenium.remote.W3CHandshakeResponse.lambda$getResponseFunction$2(W3CHandshakeResponse.java:104)
	at org.openqa.selenium.remote.ProtocolHandshake.lambda$createSession$0(ProtocolHandshake.java:123)
	at java.util.stream.ReferencePipeline$3$1.accept(Unknown Source)
	at java.util.Spliterators$ArraySpliterator.tryAdvance(Unknown Source)
	at java.util.stream.ReferencePipeline.forEachWithCancel(Unknown Source)
	at java.util.stream.AbstractPipeline.copyIntoWithCancel(Unknown Source)
	at java.util.stream.AbstractPipeline.copyInto(Unknown Source)
	at java.util.stream.AbstractPipeline.wrapAndCopyInto(Unknown Source)
	at java.util.stream.FindOps$FindOp.evaluateSequential(Unknown Source)
	at java.util.stream.AbstractPipeline.evaluate(Unknown Source)
	at java.util.stream.ReferencePipeline.findFirst(Unknown Source)
	at org.openqa.selenium.remote.ProtocolHandshake.createSession(ProtocolHandshake.java:126)
	at org.openqa.selenium.remote.ProtocolHandshake.createSession(ProtocolHandshake.java:73)
	at org.openqa.selenium.remote.HttpCommandExecutor.execute(HttpCommandExecutor.java:136)
	at org.openqa.selenium.remote.service.DriverCommandExecutor.execute(DriverCommandExecutor.java:83)
	at org.openqa.selenium.remote.RemoteWebDriver.execute(RemoteWebDriver.java:548)
	at org.openqa.selenium.remote.RemoteWebDriver.startSession(RemoteWebDriver.java:212)
	at org.openqa.selenium.remote.RemoteWebDriver.<init>(RemoteWebDriver.java:130)
	at org.openqa.selenium.chrome.ChromeDriver.<init>(ChromeDriver.java:181)
	at org.openqa.selenium.chrome.ChromeDriver.<init>(ChromeDriver.java:168)
	at org.openqa.selenium.chrome.ChromeDriver.<init>(ChromeDriver.java:123)
	at util.BrowserFactory.startBrowser(BrowserFactory.java:12)
	at test.LoginTest.login(LoginTest.java:14)
	at sun.reflect.NativeMethodAccessorImpl.invoke0(Native Method)
	at sun.reflect.NativeMethodAccessorImpl.invoke(Unknown Source)
	at sun.reflect.DelegatingMethodAccessorImpl.invoke(Unknown Source)
	at java.lang.reflect.Method.invoke(Unknown Source)
	at org.testng.internal.MethodInvocationHelper.invokeMethod(MethodInvocationHelper.java:80)
	at org.testng.internal.Invoker.invokeMethod(Invoker.java:714)
	at org.testng.internal.Invoker.invokeTestMethod(Invoker.java:901)
	at org.testng.internal.Invoker.invokeTestMethods(Invoker.java:1231)
	at org.testng.internal.TestMethodWorker.invokeTestMethods(TestMethodWorker.java:127)
	at org.testng.internal.TestMethodWorker.run(TestMethodWorker.java:111)
	at org.testng.TestRunner.privateRun(TestRunner.java:767)
	at org.testng.TestRunner.run(TestRunner.java:617)
	at org.testng.SuiteRunner.runTest(SuiteRunner.java:334)
	at org.testng.SuiteRunner.runSequentially(SuiteRunner.java:329)
	at org.testng.SuiteRunner.privateRun(SuiteRunner.java:291)
	at org.testng.SuiteRunner.run(SuiteRunner.java:240)
	at org.testng.SuiteRunnerWorker.runSuite(SuiteRunnerWorker.java:52)
	at org.testng.SuiteRunnerWorker.run(SuiteRunnerWorker.java:86)
	at org.testng.TestNG.runSuitesSequentially(TestNG.java:1198)
	at org.testng.TestNG.runSuitesLocally(TestNG.java:1123)
	at org.testng.TestNG.run(TestNG.java:1031)
	at org.testng.remote.AbstractRemoteTestNG.run(AbstractRemoteTestNG.java:115)
	at org.testng.remote.RemoteTestNG.initAndRun(RemoteTestNG.java:251)
	at org.testng.remote.RemoteTestNG.main(RemoteTestNG.java:77)
]]>
            </full-stacktrace>
          </exception> <!-- org.openqa.selenium.SessionNotCreatedException -->
          <reporter-output>
          </reporter-output>
        </test-method> <!-- login -->
      </class> <!-- test.LoginTest -->
    </test> <!-- Default test -->
  </suite> <!-- Default suite -->
</testng-results>
